Starting inspection...

--- Message from @Selfisshhhhh ---
message: thak gaya :sneezing_face:
Part 0 (<class 'str'>): thak gaya 
Part 1 (dict): {"id": "\ud83e\udd27", "txt": ":sneezing_face:", "url": "https://fonts.gstatic.com/s/e/notoemoji/15.1/1f927/72.png"}

--- Message from @Infinitytechx0 ---
message: ...
Part 0 (<class 'str'>): ...

--- Message from @GojoSatoruNoir-fr ---
message: abbey buddyy...:rolling_on_the_floor_laughing::rolling_on_the_floor_laughing:aisa ni hei frnds he yawr...:grinning_face_with_sweat:
Part 0 (<class 'str'>): abbey buddyy...
Part 1 (dict): {"id": "\ud83e\udd23", "txt": ":rolling_on_the_floor_laughing:", "url": "https://fonts.gstatic.com/s/e/notoemoji/15.1/1f923/72.png"}
Part 2 (dict): {"id": "\ud83e\udd23", "txt": ":rolling_on_the_floor_laughing:", "url": "https://fonts.gstatic.com/s/e/notoemoji/15.1/1f923/72.png"}
Part 3 (<class 'str'>): aisa ni hei frnds he yawr...
Part 4 (dict): {"id": "\ud83d\ude05", "txt": ":grinning_face_with_sweat:", "url": "https://fonts.gstatic.com/s/e/notoemoji/15.1/1f605/72.png"}

--- Message from @thisisdibya67 ---
message: august hmm
Part 0 (<class 'str'>): august hmm

--- Message from @Walker_Mikey_04 ---
message: Aamna wlcm
Part 0 (<class 'str'>): Aamna wlcm

--- Message from @FreakyGuy0 ---
message: @Infinity Thx broo.... kesa hsi
Part 0 (<class 'str'>): @Infinity Thx broo.... kesa hsi

--- Message from @ItzNezuko123 ---
message: No matter how good you are You will always be replaced one day ~
Part 0 (<class 'str'>): No matter how good you are You will always be replaced one day ~

--- Message from @sukuna-4761 ---
message: domain expansion kill gojo:index_pointing_up:
Part 0 (<class 'str'>): domain expansion kill gojo
Part 1 (dict): {"id": "\u261d", "txt": ":index_pointing_up:", "url": "https://fonts.gstatic.com/s/e/notoemoji/15.1/261d/72.png"}

--- Message from @calmanoir ---
message: confident..:musical_notes::musical_note:
Part 0 (<class 'str'>): confident..
Part 1 (dict): {"id": "\ud83c\udfb6", "txt": ":musical_notes:", "url": "https://fonts.gstatic.com/s/e/notoemoji/15.1/1f3b6/72.png"}
Part 2 (dict): {"id": "\ud83c\udfb5", "txt": ":musical_note:", "url": "https://fonts.gstatic.com/s/e/notoemoji/15.1/1f3b5/72.png"}

--- Message from @ãsh.lüxê19 ---
message: :gar:/∆~
Part 0 (dict): {"id": "CMKC7uKOwdQCFce-qgodqbsLaA", "txt": ":gar:", "url": "https://yt3.ggpht.com/pxQTF9D-uxlSIgoopRcS8zAZnBBEPp2R9bwo5qIc3kc7PF2k18so72-ohINWPa6OvWudEcsC=w24-h24-c-k-nd"}
Part 1 (<class 'str'>): /∆~

--- Message from @kiyomi.277 ---
message: ....
Part 0 (<class 'str'>): ....

--- Message from @Unknown_8509 ---
message: Why are u talking to me and are u boy or girl do you know me if yes how
Part 0 (<class 'str'>): Why are u talking to me and are u boy or girl do you know me if yes how

--- Message from @thisisdibya67 ---
message: august date??
Part 0 (<class 'str'>): august date??

--- Message from @zyynnnnnnnx ---
message: :gar:'
Part 0 (dict): {"id": "CMKC7uKOwdQCFce-qgodqbsLaA", "txt": ":gar:", "url": "https://yt3.ggpht.com/pxQTF9D-uxlSIgoopRcS8zAZnBBEPp2R9bwo5qIc3kc7PF2k18so72-ohINWPa6OvWudEcsC=w24-h24-c-k-nd"}
Part 1 (<class 'str'>): '

--- Message from @AamnaNur-x4b ---
message: walker tq
Part 0 (<class 'str'>): walker tq

--- Message from @ItzNezuko123 ---
message: .....
Part 0 (<class 'str'>): .....

--- Message from @Walker_Mikey_04 ---
message: ......
Part 0 (<class 'str'>): ......

--- Message from @palak-q2a ---
message: isliye kehriii jana chahiye~:gar:
Part 0 (<class 'str'>): isliye kehriii jana chahiye~
Part 1 (dict): {"id": "CMKC7uKOwdQCFce-qgodqbsLaA", "txt": ":gar:", "url": "https://yt3.ggpht.com/pxQTF9D-uxlSIgoopRcS8zAZnBBEPp2R9bwo5qIc3kc7PF2k18so72-ohINWPa6OvWudEcsC=w24-h24-c-k-nd"}

--- Message from @urfv_parthuu ---
message: Gojo…ohk
Part 0 (<class 'str'>): Gojo…ohk

--- Message from @Selfisshhhhh ---
message: kuchh bhi bolne ka dil kr rha ab :sneezing_face:
Part 0 (<class 'str'>): kuchh bhi bolne ka dil kr rha ab 
Part 1 (dict): {"id": "\ud83e\udd27", "txt": ":sneezing_face:", "url": "https://fonts.gstatic.com/s/e/notoemoji/15.1/1f927/72.png"}

--- Message from @Zgod-h3q ---
message: Liza :burrito::taco::sandwich::stuffed_flatbread::pot_of_food::shallow_pan_of_food:lo
Part 0 (<class 'str'>): Liza 
Part 1 (dict): {"id": "\ud83c\udf2f", "txt": ":burrito:", "url": "https://fonts.gstatic.com/s/e/notoemoji/15.1/1f32f/72.png"}
Part 2 (dict): {"id": "\ud83c\udf2e", "txt": ":taco:", "url": "https://fonts.gstatic.com/s/e/notoemoji/15.1/1f32e/72.png"}
Part 3 (dict): {"id": "\ud83e\udd6a", "txt": ":sandwich:", "url": "https://fonts.gstatic.com/s/e/notoemoji/15.1/1f96a/72.png"}
Part 4 (dict): {"id": "\ud83e\udd59", "txt": ":stuffed_flatbread:", "url": "https://fonts.gstatic.com/s/e/notoemoji/15.1/1f959/72.png"}
Part 5 (dict): {"id": "\ud83c\udf72", "txt": ":pot_of_food:", "url": "https://fonts.gstatic.com/s/e/notoemoji/15.1/1f372/72.png"}
Part 6 (dict): {"id": "\ud83e\udd58", "txt": ":shallow_pan_of_food:", "url": "https://fonts.gstatic.com/s/e/notoemoji/15.1/1f958/72.png"}
Part 7 (<class 'str'>): lo
